0 info it worked if it ends with ok
1 verbose cli [ '/usr/local/bin/node', '/usr/local/bin/npm', 'start' ]
2 info using npm@3.8.6
3 info using node@v6.0.0
4 verbose run-script [ 'prestart', 'start', 'poststart' ]
5 info lifecycle closet-starter@0.0.1~prestart: closet-starter@0.0.1
6 verbose lifecycle closet-starter@0.0.1~prestart: unsafe-perm in lifecycle true
7 verbose lifecycle closet-starter@0.0.1~prestart: PATH: /usr/local/lib/node_modules/npm/bin/node-gyp-bin:/Users/mary/working-files/closet-redux/node_modules/.bin:/usr/local/bin:/usr/local/bin:/usr/bin:/bin:/usr/sbin:/sbin:/opt/X11/bin:/usr/local/mongodb/bin
8 verbose lifecycle closet-starter@0.0.1~prestart: CWD: /Users/mary/working-files/closet-redux
9 silly lifecycle closet-starter@0.0.1~prestart: Args: [ '-c',
9 silly lifecycle   'rm -rf dev && mkdir dev && cp -R pages/* dev && cp -R theme dev && cp -R ../../node_modules/react-widgets/dist/css dist' ]
10 silly lifecycle closet-starter@0.0.1~prestart: Returned: code: 1  signal: null
11 info lifecycle closet-starter@0.0.1~prestart: Failed to exec prestart script
12 verbose stack Error: closet-starter@0.0.1 prestart: `rm -rf dev && mkdir dev && cp -R pages/* dev && cp -R theme dev && cp -R ../../node_modules/react-widgets/dist/css dist`
12 verbose stack Exit status 1
12 verbose stack     at EventEmitter.<anonymous> (/usr/local/lib/node_modules/npm/lib/utils/lifecycle.js:239:16)
12 verbose stack     at emitTwo (events.js:106:13)
12 verbose stack     at EventEmitter.emit (events.js:191:7)
12 verbose stack     at ChildProcess.<anonymous> (/usr/local/lib/node_modules/npm/lib/utils/spawn.js:24:14)
12 verbose stack     at emitTwo (events.js:106:13)
12 verbose stack     at ChildProcess.emit (events.js:191:7)
12 verbose stack     at maybeClose (internal/child_process.js:850:16)
12 verbose stack     at Process.ChildProcess._handle.onexit (internal/child_process.js:215:5)
13 verbose pkgid closet-starter@0.0.1
14 verbose cwd /Users/mary/working-files/closet-redux
15 error Darwin 15.5.0
16 error argv "/usr/local/bin/node" "/usr/local/bin/npm" "start"
17 error node v6.0.0
18 error npm  v3.8.6
19 error code ELIFECYCLE
20 error closet-starter@0.0.1 prestart: `rm -rf dev && mkdir dev && cp -R pages/* dev && cp -R theme dev && cp -R ../../node_modules/react-widgets/dist/css dist`
20 error Exit status 1
21 error Failed at the closet-starter@0.0.1 prestart script 'rm -rf dev && mkdir dev && cp -R pages/* dev && cp -R theme dev && cp -R ../../node_modules/react-widgets/dist/css dist'.
21 error Make sure you have the latest version of node.js and npm installed.
21 error If you do, this is most likely a problem with the closet-starter package,
21 error not with npm itself.
21 error Tell the author that this fails on your system:
21 error     rm -rf dev && mkdir dev && cp -R pages/* dev && cp -R theme dev && cp -R ../../node_modules/react-widgets/dist/css dist
21 error You can get information on how to open an issue for this project with:
21 error     npm bugs closet-starter
21 error Or if that isn't available, you can get their info via:
21 error     npm owner ls closet-starter
21 error There is likely additional logging output above.
22 verbose exit [ 1, true ]
